[Sat, 23 Jun 2012 20:09:44 +0200] [error] File doesn't exist : `/home/marien/.public_html/minz1.1/appROUTES_PATH_NAME`
[Sat, 23 Jun 2012 20:17:13 +0200] [error] `index` cannot be invoked on `indexController`
[Sat, 23 Jun 2012 20:17:17 +0200] [error] `index` cannot be invoked on `indexController`
[Sat, 23 Jun 2012 20:17:18 +0200] [error] `index` cannot be invoked on `indexController`
[Sat, 23 Jun 2012 20:17:18 +0200] [error] `index` cannot be invoked on `indexController`
[Sat, 23 Jun 2012 20:19:40 +0200] [warning] File doesn't exist : `/home/marien/.public_html/minz1.1/app/viewsindex/index.phtml`
[Sat, 23 Jun 2012 20:20:07 +0200] [warning] File doesn't exist : `/home/marien/.public_html/minz1.1/app/viewsindex/index.phtml`
[Sat, 23 Jun 2012 20:20:14 +0200] [warning] File doesn't exist : `/home/marien/.public_html/minz1.1/app/viewsindex/index.phtml`
[Sat, 23 Jun 2012 20:20:20 +0200] [warning] File doesn't exist : `/home/marien/.public_html/minz1.1/app/viewsindex/index.phtml`
[Sat, 23 Jun 2012 20:20:20 +0200] [warning] File doesn't exist : `/home/marien/.public_html/minz1.1/app/viewsindex/index.phtml`
[Sat, 23 Jun 2012 20:20:20 +0200] [warning] File doesn't exist : `/home/marien/.public_html/minz1.1/app/viewsindex/index.phtml`
[Sat, 23 Jun 2012 20:20:44 +0200] [warning] File doesn't exist : `/home/marien/.public_html/minz1.1/app/viewsindex/index.phtml`
[Sat, 23 Jun 2012 20:20:48 +0200] [warning] File doesn't exist : `/home/marien/.public_html/minz1.1/app/viewsindex/index.phtml`
[Sat, 23 Jun 2012 20:21:09 +0200] [warning] File doesn't exist : `/home/marien/.public_html/minz1.1/app/viewsindex/index.phtml`
[Sat, 23 Jun 2012 20:21:22 +0200] [warning] File doesn't exist : `/home/marien/.public_html/minz1.1/app/viewsindex/index.phtml`
[Sat, 23 Jun 2012 20:21:27 +0200] [warning] File doesn't exist : `/home/marien/.public_html/minz1.1/app/viewsindex/index.phtml`
[Sat, 23 Jun 2012 20:21:45 +0200] [warning] File doesn't exist : `/home/marien/.public_html/minz1.1/app/viewsindex/index.phtml`
[Sat, 23 Jun 2012 20:22:09 +0200] [warning] File doesn't exist : `/home/marien/.public_html/minz1.1/app/viewsindex/index.phtml`
[Sat, 23 Jun 2012 20:22:09 +0200] [warning] File doesn't exist : `/home/marien/.public_html/minz1.1/app/viewsindex/index.phtml`
[Sat, 23 Jun 2012 20:22:14 +0200] [warning] File doesn't exist : `/home/marien/.public_html/minz1.1/app/viewsindex/index.phtml`
[Sat, 23 Jun 2012 20:22:30 +0200] [warning] File doesn't exist : `/home/marien/.public_html/minz1.1/app/viewsindex/index.phtml`
[Sat, 23 Jun 2012 20:22:38 +0200] [warning] File doesn't exist : `/home/marien/.public_html/minz1.1/app/viewsindex/index.phtml`
[Sat, 23 Jun 2012 20:35:14 +0200] [warning] File doesn't exist : `/home/marien/.public_html/minz1.1/app/layout/header.phtml`
[Sat, 23 Jun 2012 20:35:15 +0200] [warning] File doesn't exist : `/home/marien/.public_html/minz1.1/app/layout/header.phtml`
[Sat, 23 Jun 2012 20:35:30 +0200] [warning] File doesn't exist : `/home/marien/.public_html/minz1.1/app/layout/header.phtml`
[Sat, 23 Jun 2012 20:36:40 +0200] [warning] File doesn't exist : `/home/marien/.public_html/minz1.1/app/layout/header.phtml`
[Sat, 23 Jun 2012 20:37:04 +0200] [warning] File doesn't exist : `/home/marien/.public_html/minz1.1/app/layout/header.phtml`
[Sat, 23 Jun 2012 20:38:26 +0200] [warning] File doesn't exist : `/home/marien/.public_html/minz1.1/app/layout/header.phtml`
[Sat, 23 Jun 2012 20:40:21 +0200] [warning] File doesn't exist : `/home/marien/.public_html/minz1.1/app/layout/header.phtml`
[Sat, 23 Jun 2012 20:55:02 +0200] [warning] File doesn't exist : `/home/marien/.public_html/minz1.1/app/layout/header.phtml`
[Sat, 23 Jun 2012 20:55:10 +0200] [warning] File doesn't exist : `/home/marien/.public_html/minz1.1/app/layout/header.phtml`
[Sat, 23 Jun 2012 20:55:12 +0200] [warning] File doesn't exist : `/home/marien/.public_html/minz1.1/app/layout/header.phtml`
[Sat, 23 Jun 2012 22:31:40 +0200] [error] `changeLanguageAction` cannot be invoked on `indexController`
[Sat, 23 Jun 2012 22:31:59 +0200] [warning] File doesn't exist : `/home/marien/.public_html/minz1.1/app/views/index/changeLanguage.phtml`
[Sat, 23 Jun 2012 22:32:04 +0200] [warning] File doesn't exist : `/home/marien/.public_html/minz1.1/app/views/index/changeLanguage.phtml`
[Sat, 23 Jun 2012 22:32:05 +0200] [warning] File doesn't exist : `/home/marien/.public_html/minz1.1/app/views/index/changeLanguage.phtml`
[Sat, 23 Jun 2012 22:32:16 +0200] [warning] File doesn't exist : `/home/marien/.public_html/minz1.1/app/views/index/changeLanguage.phtml`
[Sat, 23 Jun 2012 22:32:17 +0200] [warning] File doesn't exist : `/home/marien/.public_html/minz1.1/app/views/index/changeLanguage.phtml`
[Sat, 23 Jun 2012 22:32:37 +0200] [warning] File doesn't exist : `/home/marien/.public_html/minz1.1/app/views/index/changeLanguage.phtml`
[Sat, 23 Jun 2012 22:32:53 +0200] [warning] File doesn't exist : `/home/marien/.public_html/minz1.1/app/views/index/changeLanguage.phtml`
[Sat, 23 Jun 2012 22:32:53 +0200] [warning] File doesn't exist : `/home/marien/.public_html/minz1.1/app/views/index/changeLanguage.phtml`
[Sat, 23 Jun 2012 22:33:00 +0200] [warning] File doesn't exist : `/home/marien/.public_html/minz1.1/app/views/index/changeLanguage.phtml`
[Sat, 23 Jun 2012 22:34:02 +0200] [warning] File doesn't exist : `/home/marien/.public_html/minz1.1/app/views/index/changeLanguage.phtml`
[Sat, 23 Jun 2012 22:35:10 +0200] [warning] File doesn't exist : `/home/marien/.public_html/minz1.1/app/views/index/changeLanguage.phtml`
[Sat, 23 Jun 2012 22:35:22 +0200] [warning] File doesn't exist : `/home/marien/.public_html/minz1.1/app/views/index/changeLanguage.phtml`
[Sat, 23 Jun 2012 22:37:07 +0200] [warning] File doesn't exist : `/home/marien/.public_html/minz1.1/app/views/index/changeLanguage.phtml`
[Sat, 23 Jun 2012 22:42:33 +0200] [warning] File doesn't exist : `/home/marien/.public_html/minz1.1/app/views/index/changeLanguage.phtml`
[Sat, 23 Jun 2012 22:43:01 +0200] [warning] File doesn't exist : `/home/marien/.public_html/minz1.1/app/views/index/changeLanguage.phtml`
[Sat, 23 Jun 2012 22:47:40 +0200] [warning] File doesn't exist : `/home/marien/.public_html/minz1.1/app/views/index/changeLanguage.phtml`
[Sat, 23 Jun 2012 22:48:07 +0200] [warning] File doesn't exist : `/home/marien/.public_html/minz1.1/app/views/index/changeLanguage.phtml`
[Sat, 23 Jun 2012 22:48:21 +0200] [warning] File doesn't exist : `/home/marien/.public_html/minz1.1/app/views/index/changeLanguage.phtml`
[Sat, 23 Jun 2012 22:53:06 +0200] [warning] File doesn't exist : `/home/marien/.public_html/minz1.1/app/views/index/changeLanguage.phtml`
[Sat, 23 Jun 2012 22:53:15 +0200] [warning] File doesn't exist : `/home/marien/.public_html/minz1.1/app/views/index/changeLanguage.phtml`
[Sat, 23 Jun 2012 22:57:47 +0200] [warning] File doesn't exist : `/home/marien/.public_html/minz1.1/app/views/index/changeLanguage.phtml`
[Sat, 23 Jun 2012 22:57:48 +0200] [warning] File doesn't exist : `/home/marien/.public_html/minz1.1/app/views/index/changeLanguage.phtml`
[Sat, 23 Jun 2012 23:01:04 +0200] [warning] File doesn't exist : `/home/marien/.public_html/minz1.1/app/views/index/changeLanguage.phtml`
[Sat, 23 Jun 2012 23:01:05 +0200] [warning] File doesn't exist : `/home/marien/.public_html/minz1.1/app/views/index/changeLanguage.phtml`
[Sat, 23 Jun 2012 23:01:05 +0200] [warning] File doesn't exist : `/home/marien/.public_html/minz1.1/app/views/index/changeLanguage.phtml`
[Sat, 23 Jun 2012 23:01:24 +0200] [warning] File doesn't exist : `/home/marien/.public_html/minz1.1/app/views/index/changeLanguage.phtml`
[Sat, 23 Jun 2012 23:01:26 +0200] [warning] File doesn't exist : `/home/marien/.public_html/minz1.1/app/views/index/changeLanguage.phtml`
[Sat, 23 Jun 2012 23:01:47 +0200] [warning] File doesn't exist : `/home/marien/.public_html/minz1.1/app/views/index/changeLanguage.phtml`
[Sat, 23 Jun 2012 23:01:58 +0200] [warning] File doesn't exist : `/home/marien/.public_html/minz1.1/app/views/index/changeLanguage.phtml`
[Sat, 23 Jun 2012 23:02:32 +0200] [warning] File doesn't exist : `/home/marien/.public_html/minz1.1/app/views/index/changeLanguage.phtml`
[Sat, 23 Jun 2012 23:03:02 +0200] [warning] File doesn't exist : `/home/marien/.public_html/minz1.1/app/views/index/changeLanguage.phtml`
[Sat, 23 Jun 2012 23:03:04 +0200] [warning] File doesn't exist : `/home/marien/.public_html/minz1.1/app/views/index/changeLanguage.phtml`
[Sat, 23 Jun 2012 23:03:30 +0200] [warning] File doesn't exist : `/home/marien/.public_html/minz1.1/app/views/index/changeLanguage.phtml`
[Sat, 23 Jun 2012 23:03:41 +0200] [warning] File doesn't exist : `/home/marien/.public_html/minz1.1/app/views/index/changeLanguage.phtml`
[Sat, 23 Jun 2012 23:04:50 +0200] [warning] File doesn't exist : `/home/marien/.public_html/minz1.1/app/views/index/changeLanguage.phtml`
[Sat, 23 Jun 2012 23:04:52 +0200] [warning] File doesn't exist : `/home/marien/.public_html/minz1.1/app/views/index/changeLanguage.phtml`
[Sat, 23 Jun 2012 23:04:56 +0200] [warning] File doesn't exist : `/home/marien/.public_html/minz1.1/app/views/index/changeLanguage.phtml`
[Sat, 23 Jun 2012 23:04:57 +0200] [warning] File doesn't exist : `/home/marien/.public_html/minz1.1/app/views/index/changeLanguage.phtml`
[Sat, 23 Jun 2012 23:04:58 +0200] [warning] File doesn't exist : `/home/marien/.public_html/minz1.1/app/views/index/changeLanguage.phtml`
[Sat, 23 Jun 2012 23:08:14 +0200] [warning] File doesn't exist : `/home/marien/.public_html/minz1.1/app/views/index/changeLanguage.phtml`
[Sat, 23 Jun 2012 23:08:20 +0200] [warning] File doesn't exist : `/home/marien/.public_html/minz1.1/app/views/index/changeLanguage.phtml`
[Sat, 23 Jun 2012 23:08:24 +0200] [warning] File doesn't exist : `/home/marien/.public_html/minz1.1/app/views/index/changeLanguage.phtml`
[Sat, 23 Jun 2012 23:14:20 +0200] [warning] File doesn't exist : `/home/marien/.public_html/minz1.1/app/views/index/changeLanguage.phtml`
[Sat, 23 Jun 2012 23:14:21 +0200] [warning] File doesn't exist : `/home/marien/.public_html/minz1.1/app/views/index/changeLanguage.phtml`
[Sat, 23 Jun 2012 23:14:43 +0200] [warning] File doesn't exist : `/home/marien/.public_html/minz1.1/app/views/index/changeLanguage.phtml`
[Sat, 23 Jun 2012 23:15:16 +0200] [warning] File doesn't exist : `/home/marien/.public_html/minz1.1/app/views/index/changeLanguage.phtml`
[Sat, 23 Jun 2012 23:15:17 +0200] [warning] File doesn't exist : `/home/marien/.public_html/minz1.1/app/views/index/changeLanguage.phtml`
[Sat, 23 Jun 2012 23:15:19 +0200] [warning] File doesn't exist : `/home/marien/.public_html/minz1.1/app/views/index/changeLanguage.phtml`
[Sat, 23 Jun 2012 23:15:23 +0200] [warning] File doesn't exist : `/home/marien/.public_html/minz1.1/app/views/index/changeLanguage.phtml`
[Sat, 23 Jun 2012 23:15:59 +0200] [warning] File doesn't exist : `/home/marien/.public_html/minz1.1/app/views/index/changeLanguage.phtml`
[Sat, 23 Jun 2012 23:16:05 +0200] [warning] File doesn't exist : `/home/marien/.public_html/minz1.1/app/views/index/changeLanguage.phtml`
[Sat, 23 Jun 2012 23:16:06 +0200] [warning] File doesn't exist : `/home/marien/.public_html/minz1.1/app/views/index/changeLanguage.phtml`
[Sat, 23 Jun 2012 23:16:06 +0200] [warning] File doesn't exist : `/home/marien/.public_html/minz1.1/app/views/index/changeLanguage.phtml`
[Sat, 23 Jun 2012 23:16:07 +0200] [warning] File doesn't exist : `/home/marien/.public_html/minz1.1/app/views/index/changeLanguage.phtml`
[Sat, 23 Jun 2012 23:16:08 +0200] [warning] File doesn't exist : `/home/marien/.public_html/minz1.1/app/views/index/changeLanguage.phtml`
[Sat, 23 Jun 2012 23:16:13 +0200] [warning] File doesn't exist : `/home/marien/.public_html/minz1.1/app/views/index/changeLanguage.phtml`
[Sat, 23 Jun 2012 23:19:01 +0200] [warning] File doesn't exist : `/home/marien/.public_html/minz1.1/app/views/index/changeLanguage.phtml`
[Sat, 23 Jun 2012 23:19:02 +0200] [warning] File doesn't exist : `/home/marien/.public_html/minz1.1/app/views/index/changeLanguage.phtml`
[Sat, 23 Jun 2012 23:20:22 +0200] [warning] File doesn't exist : `/home/marien/.public_html/minz1.1/app/views/index/changeLanguage.phtml`
[Sat, 23 Jun 2012 23:20:36 +0200] [warning] File doesn't exist : `/home/marien/.public_html/minz1.1/app/views/index/changeLanguage.phtml`
[Sat, 23 Jun 2012 23:20:38 +0200] [warning] File doesn't exist : `/home/marien/.public_html/minz1.1/app/views/index/changeLanguage.phtml`
[Sat, 23 Jun 2012 23:20:44 +0200] [warning] File doesn't exist : `/home/marien/.public_html/minz1.1/app/views/index/changeLanguage.phtml`
[Sat, 23 Jun 2012 23:20:48 +0200] [warning] File doesn't exist : `/home/marien/.public_html/minz1.1/app/views/index/changeLanguage.phtml`
[Sat, 23 Jun 2012 23:20:48 +0200] [warning] File doesn't exist : `/home/marien/.public_html/minz1.1/app/views/index/changeLanguage.phtml`
[Sat, 23 Jun 2012 23:21:19 +0200] [warning] File doesn't exist : `/home/marien/.public_html/minz1.1/app/views/index/changeLanguage.phtml`
[Sat, 23 Jun 2012 23:21:19 +0200] [warning] File doesn't exist : `/home/marien/.public_html/minz1.1/app/views/index/changeLanguage.phtml`
[Sat, 23 Jun 2012 23:21:20 +0200] [warning] File doesn't exist : `/home/marien/.public_html/minz1.1/app/views/index/changeLanguage.phtml`
[Sat, 23 Jun 2012 23:21:21 +0200] [warning] File doesn't exist : `/home/marien/.public_html/minz1.1/app/views/index/changeLanguage.phtml`
[Sat, 23 Jun 2012 23:21:22 +0200] [warning] File doesn't exist : `/home/marien/.public_html/minz1.1/app/views/index/changeLanguage.phtml`
[Sat, 23 Jun 2012 23:21:22 +0200] [warning] File doesn't exist : `/home/marien/.public_html/minz1.1/app/views/index/changeLanguage.phtml`
[Sat, 23 Jun 2012 23:21:23 +0200] [warning] File doesn't exist : `/home/marien/.public_html/minz1.1/app/views/index/changeLanguage.phtml`
[Sat, 23 Jun 2012 23:21:24 +0200] [warning] File doesn't exist : `/home/marien/.public_html/minz1.1/app/views/index/changeLanguage.phtml`
[Sat, 23 Jun 2012 23:21:25 +0200] [warning] File doesn't exist : `/home/marien/.public_html/minz1.1/app/views/index/changeLanguage.phtml`
[Sat, 23 Jun 2012 23:21:27 +0200] [warning] File doesn't exist : `/home/marien/.public_html/minz1.1/app/views/index/changeLanguage.phtml`
[Sat, 23 Jun 2012 23:21:28 +0200] [warning] File doesn't exist : `/home/marien/.public_html/minz1.1/app/views/index/changeLanguage.phtml`
[Sat, 23 Jun 2012 23:21:28 +0200] [warning] File doesn't exist : `/home/marien/.public_html/minz1.1/app/views/index/changeLanguage.phtml`
[Sat, 23 Jun 2012 23:21:29 +0200] [warning] File doesn't exist : `/home/marien/.public_html/minz1.1/app/views/index/changeLanguage.phtml`
[Sat, 23 Jun 2012 23:21:37 +0200] [warning] File doesn't exist : `/home/marien/.public_html/minz1.1/app/views/index/changeLanguage.phtml`
[Sat, 23 Jun 2012 23:21:38 +0200] [warning] File doesn't exist : `/home/marien/.public_html/minz1.1/app/views/index/changeLanguage.phtml`
